<?xml version="1.0" encoding="UTF-8"?>
<!-- Generated by org.testng.reporters.JUnitXMLReporter -->
<testsuite hostname="DESKTOP-H1I3MSV" ignored="0" name="ChromeTest" tests="3" failures="0" timestamp="23 Sep 2020 04:57:55 GMT" time="156.833" errors="0">
  <testcase name="registerTest" time="54.856" classname="com.easemytrip.registerTestRunner.RegisterTest"/>
  <testcase name="registerTest" time="36.034" classname="com.easemytrip.registerTestRunner.RegisterTest"/>
  <testcase name="registerTest" time="35.815" classname="com.easemytrip.registerTestRunner.RegisterTest"/>
</testsuite> <!-- ChromeTest -->
