<?xml version="1.0" encoding="UTF-8"?>
<!-- Generated by org.testng.reporters.JUnitXMLReporter -->
<testsuite hostname="DESKTOP-H1I3MSV" ignored="0" name="Test10" tests="2" failures="0" timestamp="24 Sep 2020 12:53:59 GMT" time="50.627" errors="0">
  <testcase name="SearchHotelsSameCC" time="35.864" classname="com.easemytrip.pomrunner.HotelSearchingRunner1"/>
  <testcase name="SearchHotelEmpCity" time="6.997" classname="com.easemytrip.pomrunner.HotelSearchingRunner1"/>
</testsuite> <!-- Test10 -->
