<?xml version="1.0" encoding="UTF-8"?>
<!-- Generated by org.testng.reporters.JUnitXMLReporter -->
<testsuite hostname="DESKTOP-H1I3MSV" ignored="0" name="Test12" tests="2" failures="0" timestamp="24 Sep 2020 12:56:30 GMT" time="12.389" errors="0">
  <testcase name="clickPayButton" time="2.693" classname="com.easemytrip.pomrunner.HotelTravDetailsPageRunner1"/>
  <testcase name="incompleteDetails" time="0.129" classname="com.easemytrip.pomrunner.HotelTravDetailsPageRunner1"/>
</testsuite> <!-- Test12 -->
