<?xml version="1.0" encoding="UTF-8"?>
<!-- Generated by org.testng.reporters.JUnitXMLReporter -->
<testsuite hostname="DESKTOP-H1I3MSV" ignored="0" name="Test" tests="3" failures="3" timestamp="23 Sep 2020 06:39:12 GMT" time="114.403" errors="0">
  <testcase name="registerTest" time="21.871" classname="com.easemytrip.registerTestRunner.RegisterTest">
    <failure type="java.lang.AssertionError" message="* Enter a valid Email or Phone Number.">
      <![CDATA[java.lang.AssertionError: * Enter a valid Email or Phone Number.
at com.easemytrip.registerTestRunner.RegisterTest.registerTest(RegisterTest.java:77)
... Removed 26 stack frames]]>
    </failure>
  </testcase> <!-- registerTest -->
  <testcase name="registerTest" time="32.906" classname="com.easemytrip.registerTestRunner.RegisterTest">
    <failure type="java.lang.AssertionError" message="&amp;quot;Enter the valid OTP&amp;quot;">
      <![CDATA[java.lang.AssertionError: "Enter the valid OTP"
at com.easemytrip.registerTestRunner.RegisterTest.registerTest(RegisterTest.java:61)
... Removed 26 stack frames]]>
    </failure>
  </testcase> <!-- registerTest -->
  <testcase name="registerTest" time="47.714" classname="com.easemytrip.registerTestRunner.RegisterTest">
    <failure type="java.lang.AssertionError" message="&amp;quot;Enter the valid OTP&amp;quot;">
      <![CDATA[java.lang.AssertionError: "Enter the valid OTP"
at com.easemytrip.registerTestRunner.RegisterTest.registerTest(RegisterTest.java:61)
... Removed 26 stack frames]]>
    </failure>
  </testcase> <!-- registerTest -->
</testsuite> <!-- Test -->
