<?xml version="1.0" encoding="UTF-8"?>
<!-- Generated by org.testng.reporters.JUnitXMLReporter -->
<testsuite hostname="DESKTOP-H1I3MSV" ignored="1" name="Test3" tests="2" failures="0" timestamp="24 Sep 2020 12:46:32 GMT" time="43.735" errors="0">
  <testcase name="LoginTest" time="19.37" classname="com.easemytrip.pomrunner.LoginPageTestInvalid"/>
  <testcase name="LoginTest" time="16.507" classname="com.easemytrip.pomrunner.LoginPageTestInvalid"/>
  <testcase name="LoginTestfp" time="0.0" classname="com.easemytrip.pomrunner.LoginPageTestInvalid">
    <ignored/>
  </testcase> <!-- LoginTestfp -->
</testsuite> <!-- Test3 -->
