<?xml version="1.0" encoding="UTF-8"?>
<!-- Generated by org.testng.reporters.JUnitXMLReporter -->
<testsuite hostname="DESKTOP-H1I3MSV" ignored="2" name="Test2" tests="2" failures="2" timestamp="24 Sep 2020 12:45:48 GMT" time="22.996" errors="0">
  <testcase name="LoginTestfp" time="8.775" classname="com.easemytrip.pomrunner.LoginPageTest">
    <failure type="java.lang.AssertionError" message="expected [true] but found [false]">
      <![CDATA[java.lang.AssertionError: expected [true] but found [false]
at com.easemytrip.login.ForgotPassword.doLoginfp(ForgotPassword.java:81)
at com.easemytrip.pomrunner.LoginPageTest.LoginTestfp(LoginPageTest.java:56)
... Removed 31 stack frames]]>
    </failure>
  </testcase> <!-- LoginTestfp -->
  <testcase name="LoginTestfp" time="4.132" classname="com.easemytrip.pomrunner.LoginPageTest">
    <failure type="java.lang.AssertionError" message="expected [true] but found [false]">
      <![CDATA[java.lang.AssertionError: expected [true] but found [false]
at com.easemytrip.login.ForgotPassword.doLoginfp(ForgotPassword.java:81)
at com.easemytrip.pomrunner.LoginPageTest.LoginTestfp(LoginPageTest.java:56)
... Removed 31 stack frames]]>
    </failure>
  </testcase> <!-- LoginTestfp -->
  <testcase name="LoginTestOtp" time="0.0" classname="com.easemytrip.pomrunner.LoginPageTest">
    <ignored/>
  </testcase> <!-- LoginTestOtp -->
  <testcase name="LoginTest" time="0.0" classname="com.easemytrip.pomrunner.LoginPageTest">
    <ignored/>
  </testcase> <!-- LoginTest -->
</testsuite> <!-- Test2 -->
