<?xml version="1.0" encoding="UTF-8"?>
<!-- Generated by org.testng.reporters.JUnitXMLReporter -->
<testsuite hostname="DESKTOP-H1I3MSV" ignored="0" name="Test9" tests="4" failures="0" timestamp="24 Sep 2020 12:53:08 GMT" time="136.352" errors="0">
  <testcase name="SearchHotelDefault" time="22.047" classname="com.easemytrip.pomrunner.HotelSearchingRunner"/>
  <testcase name="SearchHotelsIter" time="26.741" classname="com.easemytrip.pomrunner.HotelSearchingRunner"/>
  <testcase name="SearchHotelsIter" time="51.134" classname="com.easemytrip.pomrunner.HotelSearchingRunner"/>
  <testcase name="SearchHotelsIter" time="24.416" classname="com.easemytrip.pomrunner.HotelSearchingRunner"/>
</testsuite> <!-- Test9 -->
