<?xml version="1.0" encoding="UTF-8"?>
<!-- Generated by org.testng.reporters.JUnitXMLReporter -->
<testsuite hostname="DESKTOP-H1I3MSV" ignored="0" name="Test7" tests="3" failures="2" timestamp="24 Sep 2020 12:48:34 GMT" time="28.623" errors="0">
  <testcase name="checkboxTest" time="9.814" classname="com.easemytrip.pomrunner.HotelListingPageRunner">
    <failure type="java.lang.AssertionError" message="expected [true] but found [false]">
      <![CDATA[java.lang.AssertionError: expected [true] but found [false]
at hotelpom.HotelListingPage.checkStarRating(HotelListingPage.java:30)
at com.easemytrip.pomrunner.HotelListingPageRunner.checkboxTest(HotelListingPageRunner.java:17)
... Removed 31 stack frames]]>
    </failure>
  </testcase> <!-- checkboxTest -->
  <testcase name="dropdownTest" time="4.288" classname="com.easemytrip.pomrunner.HotelListingPageRunner"/>
  <testcase name="buttonTest" time="4.201" classname="com.easemytrip.pomrunner.HotelListingPageRunner">
    <failure type="java.lang.AssertionError" message="expected [true] but found [false]">
      <![CDATA[java.lang.AssertionError: expected [true] but found [false]
at hotelpom.HotelListingPage.clickButton(HotelListingPage.java:49)
at com.easemytrip.pomrunner.HotelListingPageRunner.buttonTest(HotelListingPageRunner.java:41)
... Removed 31 stack frames]]>
    </failure>
  </testcase> <!-- buttonTest -->
</testsuite> <!-- Test7 -->
