<?xml version="1.0" encoding="UTF-8"?>
<!-- Generated by org.testng.reporters.JUnitXMLReporter -->
<testsuite hostname="DESKTOP-H1I3MSV" ignored="0" name="Test" tests="1" failures="1" timestamp="23 Sep 2020 12:51:09 GMT" time="24774.184" errors="0">
  <testcase name="registerTest" time="21.767" classname="com.easemytrip.registerTestRunner.RegisterTest">
    <failure type="java.lang.AssertionError" message="* Enter a valid Email or Phone Number.">
      <![CDATA[java.lang.AssertionError: * Enter a valid Email or Phone Number.
at com.easemytrip.registerTestRunner.RegisterTest.registerTest(RegisterTest.java:77)
... Removed 30 stack frames]]>
    </failure>
  </testcase> <!-- registerTest -->
</testsuite> <!-- Test -->
